<?xml version="1.0" encoding="UTF-8"?>
<testsuites name="Register dan Login Pemberi Dana" time="113.834" tests="3" failures="0" errors="0">
   <testsuite name="Register dan Login Pemberi Dana" tests="3" failures="0" errors="0" time="113.834" skipped="0" timestamp="2022-06-16 09:18:57" hostname="muktimalik - 202.3.218.138" id="Test Suites/Register dan Login Pemberi Dana">
      <properties>
         <property name="deviceName" value=""/>
         <property name="devicePlatform" value=""/>
         <property name="logFolder" value="/Users/muktimalik/git/ALAMI/Reports/20220616_091823/Register dan Login Pemberi Dana/20220616_091823"/>
         <property name="logFiles" value="/Users/muktimalik/git/ALAMI/Reports/20220616_091823/Register dan Login Pemberi Dana/20220616_091823/execution0.log"/>
         <property name="attachments" value=""/>
         <property name="hostName" value="muktimalik - 202.3.218.138"/>
         <property name="os" value="Mac OS X 64bit"/>
         <property name="katalonVersion" value="8.2.5.208"/>
         <property name="browser" value="Chrome 102.0.5005.115"/>
         <property name="hostAddress" value="202.3.218.138"/>
         <property name="sessionId" value="be4d6823c41bbeb0efa33486d82433aa"/>
         <property name="seleniumVersion" value="3.141.59"/>
         <property name="proxyInformation" value="ProxyInformation { proxyOption=NO_PROXY, proxyServerType=HTTP, username=, password=********, proxyServerAddress=, proxyServerPort=0, executionList=&quot;&quot;, isApplyToDesiredCapabilities=true }"/>
         <property name="platform" value="Mac OS X"/>
      </properties>
      <testcase name="Test Cases/Registrasi Pemberi Dana" time="64.396" classname="Test Cases/Registrasi Pemberi Dana" status="PASSED">
         <system-out><![CDATA[2022-06-16 09:18:57 - [TEST_CASE][PASSED] - Test Cases/Registrasi Pemberi Dana: Test Cases/Registrasi Pemberi Dana

2022-06-16 09:18:58 - [TEST_STEP][PASSED] - Time = SimpleDateFormat(ddHHmmss).format(getInstance().getTime()): null

2022-06-16 09:18:58 - [TEST_STEP][PASSED] - no = 62812 + Time: null

2022-06-16 09:18:58 - [TEST_STEP][PASSED] - Phone = no: null

2022-06-16 09:18:58 - [TEST_STEP][PASSED] - openBrowser(""): Browser is opened with url: ''

2022-06-16 09:18:58 - [MESSAGE][INFO] - Starting 'Chrome' driver

2022-06-16 09:18:58 - [MESSAGE][INFO] - Action delay is set to 0 milliseconds

2022-06-16 09:19:22 - [MESSAGE][PASSED] - Browser is opened with url: ''

2022-06-16 09:19:22 - [TEST_STEP][PASSED] - maximizeWindow(): Current window maximized

2022-06-16 09:19:22 - [MESSAGE][PASSED] - Current window maximized

2022-06-16 09:19:22 - [TEST_STEP][PASSED] - navigateToUrl(url): Navigate to 'https://dev.p2p.alamisharia.co.id' successfully

2022-06-16 09:19:25 - [MESSAGE][PASSED] - Navigate to 'https://dev.p2p.alamisharia.co.id' successfully

2022-06-16 09:19:25 - [TEST_STEP][PASSED] - comment("Masuk ke halaman web login"): Masuk ke halaman web login

2022-06-16 09:19:25 - [MESSAGE][INFO] - Masuk ke halaman web login

2022-06-16 09:19:25 - [TEST_STEP][PASSED] - verifyElementText(findTestObject("Daftar/belum punya Akun"), "Belum memiliki Akun ? Daftar disini"): Actual text and expected text of test object 'Object Repository/Daftar/belum punya Akun' are matched.

2022-06-16 09:19:26 - [MESSAGE][PASSED] - Actual text and expected text of test object 'Object Repository/Daftar/belum punya Akun' are matched.

2022-06-16 09:19:26 - [TEST_STEP][PASSED] - click(findTestObject("Daftar/Daftar disini")): Object: 'Object Repository/Daftar/Daftar disini' is clicked on

2022-06-16 09:19:27 - [MESSAGE][PASSED] - Object: 'Object Repository/Daftar/Daftar disini' is clicked on

2022-06-16 09:19:27 - [TEST_STEP][PASSED] - comment("Masuk menuju halaman jenis Akun"): Masuk menuju halaman jenis Akun

2022-06-16 09:19:27 - [MESSAGE][INFO] - Masuk menuju halaman jenis Akun

2022-06-16 09:19:27 - [TEST_STEP][PASSED] - delay(2): Delayed 2 second(s)

2022-06-16 09:19:29 - [MESSAGE][PASSED] - Delayed 2 second(s)

2022-06-16 09:19:29 - [TEST_STEP][PASSED] - click(findTestObject("Daftar/1. Registrasi Pemberi Dana/Pemberi dana")): Object: 'Object Repository/Daftar/1. Registrasi Pemberi Dana/Pemberi dana' is clicked on

2022-06-16 09:19:33 - [MESSAGE][PASSED] - Object: 'Object Repository/Daftar/1. Registrasi Pemberi Dana/Pemberi dana' is clicked on

2022-06-16 09:19:33 - [TEST_STEP][PASSED] - delay(1): Delayed 1 second(s)

2022-06-16 09:19:34 - [MESSAGE][PASSED] - Delayed 1 second(s)

2022-06-16 09:19:34 - [TEST_STEP][PASSED] - setText(findTestObject("Daftar/1. Registrasi Pemberi Dana/Nama lengkap"), "Mukti Malik"): Text 'Mukti Malik' is set on object 'Object Repository/Daftar/1. Registrasi Pemberi Dana/Nama lengkap'

2022-06-16 09:19:35 - [MESSAGE][PASSED] - Text 'Mukti Malik' is set on object 'Object Repository/Daftar/1. Registrasi Pemberi Dana/Nama lengkap'

2022-06-16 09:19:35 - [TEST_STEP][PASSED] - ts = currentTimeMillis().toString(): null

2022-06-16 09:19:35 - [TEST_STEP][PASSED] - tambahEmail = "mukti" + Time: null

2022-06-16 09:19:35 - [TEST_STEP][PASSED] - email = tambahEmail: null

2022-06-16 09:19:35 - [TEST_STEP][PASSED] - setText(findTestObject("Daftar/1. Registrasi Pemberi Dana/Email"), tambahEmail + "@inboxkitten.com"): Text 'mukti16091858@inboxkitten.com' is set on object 'Object Repository/Daftar/1. Registrasi Pemberi Dana/Email'

2022-06-16 09:19:36 - [MESSAGE][PASSED] - Text 'mukti16091858@inboxkitten.com' is set on object 'Object Repository/Daftar/1. Registrasi Pemberi Dana/Email'

2022-06-16 09:19:36 - [TEST_STEP][PASSED] - setText(findTestObject("Daftar/1. Registrasi Pemberi Dana/PhoneNumber"), Phone): Text '6281216091858' is set on object 'Object Repository/Daftar/1. Registrasi Pemberi Dana/PhoneNumber'

2022-06-16 09:19:36 - [MESSAGE][PASSED] - Text '6281216091858' is set on object 'Object Repository/Daftar/1. Registrasi Pemberi Dana/PhoneNumber'

2022-06-16 09:19:36 - [TEST_STEP][PASSED] - setEncryptedText(findTestObject("Daftar/1. Registrasi Pemberi Dana/Password"), "nM+yxytsbVExwYpLLLYeHg=="): Text ****** has been set on object 'Object Repository/Daftar/1. Registrasi Pemberi Dana/Password'

2022-06-16 09:19:36 - [MESSAGE][PASSED] - Text ****** has been set on object 'Object Repository/Daftar/1. Registrasi Pemberi Dana/Password'

2022-06-16 09:19:36 - [TEST_STEP][PASSED] - click(findTestObject("Daftar/1. Registrasi Pemberi Dana/jenisAkun")): Object: 'Object Repository/Daftar/1. Registrasi Pemberi Dana/jenisAkun' is clicked on

2022-06-16 09:19:38 - [MESSAGE][PASSED] - Object: 'Object Repository/Daftar/1. Registrasi Pemberi Dana/jenisAkun' is clicked on

2022-06-16 09:19:38 - [TEST_STEP][PASSED] - selectOptionByLabel(findTestObject("Daftar/1. Registrasi Pemberi Dana/BagaimanaKamuTauAlami"), "Instagram", true): All options with label 'Instagram' are selected in object 'Object Repository/Daftar/1. Registrasi Pemberi Dana/BagaimanaKamuTauAlami'  using regular expression

2022-06-16 09:19:38 - [MESSAGE][PASSED] - All options with label 'Instagram' are selected in object 'Object Repository/Daftar/1. Registrasi Pemberi Dana/BagaimanaKamuTauAlami'  using regular expression

2022-06-16 09:19:38 - [TEST_STEP][PASSED] - delay(4): Delayed 4 second(s)

2022-06-16 09:19:42 - [MESSAGE][PASSED] - Delayed 4 second(s)

2022-06-16 09:19:42 - [TEST_STEP][PASSED] - click(findTestObject("Daftar/1. Registrasi Pemberi Dana/Daftar Alami")): Object: 'Object Repository/Daftar/1. Registrasi Pemberi Dana/Daftar Alami' is clicked on

2022-06-16 09:19:43 - [MESSAGE][PASSED] - Object: 'Object Repository/Daftar/1. Registrasi Pemberi Dana/Daftar Alami' is clicked on

2022-06-16 09:19:43 - [TEST_STEP][PASSED] - delay(2): Delayed 2 second(s)

2022-06-16 09:19:45 - [MESSAGE][PASSED] - Delayed 2 second(s)

2022-06-16 09:19:45 - [TEST_STEP][PASSED] - comment("Fase 2"): Fase 2

2022-06-16 09:19:45 - [MESSAGE][INFO] - Fase 2

2022-06-16 09:19:45 - [TEST_STEP][PASSED] - click(findTestObject("Daftar/scroll")): Object: 'Object Repository/Daftar/scroll' is clicked on

2022-06-16 09:19:45 - [MESSAGE][PASSED] - Object: 'Object Repository/Daftar/scroll' is clicked on

2022-06-16 09:19:45 - [TEST_STEP][PASSED] - sendKeys(findTestObject(null), Keys.chord(ALT, DOWN)): Keys 'ALT + DOWN + ' sent to object: 'tempBody'

2022-06-16 09:19:45 - [MESSAGE][WARNING] - Test object id is null

2022-06-16 09:19:45 - [MESSAGE][WARNING] - Test object with id 'Object Repository/' does not exist

2022-06-16 09:19:45 - [MESSAGE][PASSED] - Keys 'ALT + DOWN + ' sent to object: 'tempBody'

2022-06-16 09:19:45 - [TEST_STEP][PASSED] - sendKeys(findTestObject(null), Keys.chord(ALT, DOWN)): Keys 'ALT + DOWN + ' sent to object: 'tempBody'

2022-06-16 09:19:45 - [MESSAGE][WARNING] - Test object id is null

2022-06-16 09:19:45 - [MESSAGE][WARNING] - Test object with id 'Object Repository/' does not exist

2022-06-16 09:19:45 - [MESSAGE][PASSED] - Keys 'ALT + DOWN + ' sent to object: 'tempBody'

2022-06-16 09:19:45 - [TEST_STEP][PASSED] - sendKeys(findTestObject(null), Keys.chord(ALT, DOWN)): Keys 'ALT + DOWN + ' sent to object: 'tempBody'

2022-06-16 09:19:45 - [MESSAGE][WARNING] - Test object id is null

2022-06-16 09:19:45 - [MESSAGE][WARNING] - Test object with id 'Object Repository/' does not exist

2022-06-16 09:19:45 - [MESSAGE][PASSED] - Keys 'ALT + DOWN + ' sent to object: 'tempBody'

2022-06-16 09:19:45 - [TEST_STEP][PASSED] - sendKeys(findTestObject(null), Keys.chord(ALT, DOWN)): Keys 'ALT + DOWN + ' sent to object: 'tempBody'

2022-06-16 09:19:45 - [MESSAGE][WARNING] - Test object id is null

2022-06-16 09:19:45 - [MESSAGE][WARNING] - Test object with id 'Object Repository/' does not exist

2022-06-16 09:19:45 - [MESSAGE][PASSED] - Keys 'ALT + DOWN + ' sent to object: 'tempBody'

2022-06-16 09:19:45 - [TEST_STEP][PASSED] - sendKeys(findTestObject(null), Keys.chord(ALT, DOWN)): Keys 'ALT + DOWN + ' sent to object: 'tempBody'

2022-06-16 09:19:45 - [MESSAGE][WARNING] - Test object id is null

2022-06-16 09:19:45 - [MESSAGE][WARNING] - Test object with id 'Object Repository/' does not exist

2022-06-16 09:19:45 - [MESSAGE][PASSED] - Keys 'ALT + DOWN + ' sent to object: 'tempBody'

2022-06-16 09:19:45 - [TEST_STEP][PASSED] - sendKeys(findTestObject(null), Keys.chord(ALT, DOWN)): Keys 'ALT + DOWN + ' sent to object: 'tempBody'

2022-06-16 09:19:45 - [MESSAGE][WARNING] - Test object id is null

2022-06-16 09:19:45 - [MESSAGE][WARNING] - Test object with id 'Object Repository/' does not exist

2022-06-16 09:19:45 - [MESSAGE][PASSED] - Keys 'ALT + DOWN + ' sent to object: 'tempBody'

2022-06-16 09:19:45 - [TEST_STEP][PASSED] - sendKeys(findTestObject(null), Keys.chord(ALT, DOWN)): Keys 'ALT + DOWN + ' sent to object: 'tempBody'

2022-06-16 09:19:45 - [MESSAGE][WARNING] - Test object id is null

2022-06-16 09:19:45 - [MESSAGE][WARNING] - Test object with id 'Object Repository/' does not exist

2022-06-16 09:19:45 - [MESSAGE][PASSED] - Keys 'ALT + DOWN + ' sent to object: 'tempBody'

2022-06-16 09:19:45 - [TEST_STEP][PASSED] - sendKeys(findTestObject(null), Keys.chord(ALT, DOWN)): Keys 'ALT + DOWN + ' sent to object: 'tempBody'

2022-06-16 09:19:45 - [MESSAGE][WARNING] - Test object id is null

2022-06-16 09:19:45 - [MESSAGE][WARNING] - Test object with id 'Object Repository/' does not exist

2022-06-16 09:19:45 - [MESSAGE][PASSED] - Keys 'ALT + DOWN + ' sent to object: 'tempBody'

2022-06-16 09:19:45 - [TEST_STEP][PASSED] - sendKeys(findTestObject(null), Keys.chord(ALT, DOWN)): Keys 'ALT + DOWN + ' sent to object: 'tempBody'

2022-06-16 09:19:45 - [MESSAGE][WARNING] - Test object id is null

2022-06-16 09:19:45 - [MESSAGE][WARNING] - Test object with id 'Object Repository/' does not exist

2022-06-16 09:19:45 - [MESSAGE][PASSED] - Keys 'ALT + DOWN + ' sent to object: 'tempBody'

2022-06-16 09:19:45 - [TEST_STEP][PASSED] - sendKeys(findTestObject(null), Keys.chord(ALT, DOWN)): Keys 'ALT + DOWN + ' sent to object: 'tempBody'

2022-06-16 09:19:45 - [MESSAGE][WARNING] - Test object id is null

2022-06-16 09:19:45 - [MESSAGE][WARNING] - Test object with id 'Object Repository/' does not exist

2022-06-16 09:19:45 - [MESSAGE][PASSED] - Keys 'ALT + DOWN + ' sent to object: 'tempBody'

2022-06-16 09:19:45 - [TEST_STEP][PASSED] - sendKeys(findTestObject(null), Keys.chord(ALT, DOWN)): Keys 'ALT + DOWN + ' sent to object: 'tempBody'

2022-06-16 09:19:45 - [MESSAGE][WARNING] - Test object id is null

2022-06-16 09:19:45 - [MESSAGE][WARNING] - Test object with id 'Object Repository/' does not exist

2022-06-16 09:19:45 - [MESSAGE][PASSED] - Keys 'ALT + DOWN + ' sent to object: 'tempBody'

2022-06-16 09:19:45 - [TEST_STEP][PASSED] - sendKeys(findTestObject(null), Keys.chord(ALT, DOWN)): Keys 'ALT + DOWN + ' sent to object: 'tempBody'

2022-06-16 09:19:45 - [MESSAGE][WARNING] - Test object id is null

2022-06-16 09:19:45 - [MESSAGE][WARNING] - Test object with id 'Object Repository/' does not exist

2022-06-16 09:19:45 - [MESSAGE][PASSED] - Keys 'ALT + DOWN + ' sent to object: 'tempBody'

2022-06-16 09:19:45 - [TEST_STEP][PASSED] - sendKeys(findTestObject(null), Keys.chord(ALT, DOWN)): Keys 'ALT + DOWN + ' sent to object: 'tempBody'

2022-06-16 09:19:45 - [MESSAGE][WARNING] - Test object id is null

2022-06-16 09:19:45 - [MESSAGE][WARNING] - Test object with id 'Object Repository/' does not exist

2022-06-16 09:19:45 - [MESSAGE][PASSED] - Keys 'ALT + DOWN + ' sent to object: 'tempBody'

2022-06-16 09:19:45 - [TEST_STEP][PASSED] - sendKeys(findTestObject(null), Keys.chord(ALT, DOWN)): Keys 'ALT + DOWN + ' sent to object: 'tempBody'

2022-06-16 09:19:45 - [MESSAGE][WARNING] - Test object id is null

2022-06-16 09:19:45 - [MESSAGE][WARNING] - Test object with id 'Object Repository/' does not exist

2022-06-16 09:19:45 - [MESSAGE][PASSED] - Keys 'ALT + DOWN + ' sent to object: 'tempBody'

2022-06-16 09:19:45 - [TEST_STEP][PASSED] - sendKeys(findTestObject(null), Keys.chord(ALT, DOWN)): Keys 'ALT + DOWN + ' sent to object: 'tempBody'

2022-06-16 09:19:45 - [MESSAGE][WARNING] - Test object id is null

2022-06-16 09:19:45 - [MESSAGE][WARNING] - Test object with id 'Object Repository/' does not exist

2022-06-16 09:19:45 - [MESSAGE][PASSED] - Keys 'ALT + DOWN + ' sent to object: 'tempBody'

2022-06-16 09:19:45 - [TEST_STEP][PASSED] - sendKeys(findTestObject(null), Keys.chord(ALT, DOWN)): Keys 'ALT + DOWN + ' sent to object: 'tempBody'

2022-06-16 09:19:45 - [MESSAGE][WARNING] - Test object id is null

2022-06-16 09:19:45 - [MESSAGE][WARNING] - Test object with id 'Object Repository/' does not exist

2022-06-16 09:19:45 - [MESSAGE][PASSED] - Keys 'ALT + DOWN + ' sent to object: 'tempBody'

2022-06-16 09:19:45 - [TEST_STEP][PASSED] - sendKeys(findTestObject(null), Keys.chord(ALT, DOWN)): Keys 'ALT + DOWN + ' sent to object: 'tempBody'

2022-06-16 09:19:45 - [MESSAGE][WARNING] - Test object id is null

2022-06-16 09:19:45 - [MESSAGE][WARNING] - Test object with id 'Object Repository/' does not exist

2022-06-16 09:19:46 - [MESSAGE][PASSED] - Keys 'ALT + DOWN + ' sent to object: 'tempBody'

2022-06-16 09:19:46 - [TEST_STEP][PASSED] - sendKeys(findTestObject(null), Keys.chord(ALT, DOWN)): Keys 'ALT + DOWN + ' sent to object: 'tempBody'

2022-06-16 09:19:46 - [MESSAGE][WARNING] - Test object id is null

2022-06-16 09:19:46 - [MESSAGE][WARNING] - Test object with id 'Object Repository/' does not exist

2022-06-16 09:19:46 - [MESSAGE][PASSED] - Keys 'ALT + DOWN + ' sent to object: 'tempBody'

2022-06-16 09:19:46 - [TEST_STEP][PASSED] - sendKeys(findTestObject(null), Keys.chord(ALT, DOWN)): Keys 'ALT + DOWN + ' sent to object: 'tempBody'

2022-06-16 09:19:46 - [MESSAGE][WARNING] - Test object id is null

2022-06-16 09:19:46 - [MESSAGE][WARNING] - Test object with id 'Object Repository/' does not exist

2022-06-16 09:19:46 - [MESSAGE][PASSED] - Keys 'ALT + DOWN + ' sent to object: 'tempBody'

2022-06-16 09:19:46 - [TEST_STEP][PASSED] - sendKeys(findTestObject(null), Keys.chord(ALT, DOWN)): Keys 'ALT + DOWN + ' sent to object: 'tempBody'

2022-06-16 09:19:46 - [MESSAGE][WARNING] - Test object id is null

2022-06-16 09:19:46 - [MESSAGE][WARNING] - Test object with id 'Object Repository/' does not exist

2022-06-16 09:19:46 - [MESSAGE][PASSED] - Keys 'ALT + DOWN + ' sent to object: 'tempBody'

2022-06-16 09:19:46 - [TEST_STEP][PASSED] - click(findTestObject("Daftar/2. Kebijakan dan Privasi/Ceklis Tertarik Update Info Terbaru")): Object: 'Object Repository/Daftar/2. Kebijakan dan Privasi/Ceklis Tertarik Update Info Terbaru' is clicked on

2022-06-16 09:19:46 - [MESSAGE][PASSED] - Object: 'Object Repository/Daftar/2. Kebijakan dan Privasi/Ceklis Tertarik Update Info Terbaru' is clicked on

2022-06-16 09:19:46 - [TEST_STEP][PASSED] - scrollToElement(findTestObject("Daftar/2. Kebijakan dan Privasi/Scroll Webview"), 3): Scroll to object 'Object Repository/Daftar/2. Kebijakan dan Privasi/Scroll Webview' successfully

2022-06-16 09:19:46 - [MESSAGE][PASSED] - Scroll to object 'Object Repository/Daftar/2. Kebijakan dan Privasi/Scroll Webview' successfully

2022-06-16 09:19:46 - [TEST_STEP][PASSED] - scrollToPosition(9999, 9999): Browser is scrolled to position x = 9999, y = 9999

2022-06-16 09:19:46 - [MESSAGE][PASSED] - Browser is scrolled to position x = 9999, y = 9999

2022-06-16 09:19:46 - [TEST_STEP][PASSED] - delay(2): Delayed 2 second(s)

2022-06-16 09:19:48 - [MESSAGE][PASSED] - Delayed 2 second(s)

2022-06-16 09:19:48 - [TEST_STEP][PASSED] - click(findTestObject("Daftar/2. Kebijakan dan Privasi/Setujui kebijakan")): Object: 'Object Repository/Daftar/2. Kebijakan dan Privasi/Setujui kebijakan' is clicked on

2022-06-16 09:19:48 - [MESSAGE][PASSED] - Object: 'Object Repository/Daftar/2. Kebijakan dan Privasi/Setujui kebijakan' is clicked on

2022-06-16 09:19:48 - [TEST_STEP][PASSED] - delay(3): Delayed 3 second(s)

2022-06-16 09:19:51 - [MESSAGE][PASSED] - Delayed 3 second(s)

2022-06-16 09:19:51 - [TEST_STEP][PASSED] - click(findTestObject("Daftar/2. Kebijakan dan Privasi/Lanjutkan ke Slide 3")): Object: 'Object Repository/Daftar/2. Kebijakan dan Privasi/Lanjutkan ke Slide 3' is clicked on

2022-06-16 09:19:51 - [MESSAGE][PASSED] - Object: 'Object Repository/Daftar/2. Kebijakan dan Privasi/Lanjutkan ke Slide 3' is clicked on

2022-06-16 09:19:51 - [TEST_STEP][PASSED] - comment(" Next ke Fase 3 : Aktivasi Email"):  Next ke Fase 3 : Aktivasi Email

2022-06-16 09:19:51 - [MESSAGE][INFO] -  Next ke Fase 3 : Aktivasi Email

2022-06-16 09:19:51 - [TEST_STEP][PASSED] - delay(10): Delayed 10 second(s)

2022-06-16 09:20:01 - [MESSAGE][PASSED] - Delayed 10 second(s)]]></system-out>
         <system-err><![CDATA[]]></system-err>
      </testcase>
      <testcase name="Test Cases/Aktivasi Email Alternativ" time="27.33" classname="Test Cases/Aktivasi Email Alternativ" status="PASSED">
         <system-out><![CDATA[2022-06-16 09:20:01 - [TEST_CASE][PASSED] - Test Cases/Aktivasi Email Alternativ: Test Cases/Aktivasi Email Alternativ

2022-06-16 09:20:02 - [TEST_STEP][PASSED] - executeJavaScript("window.open();", []): Execute JavaScript 'window.open();' successfully

2022-06-16 09:20:02 - [MESSAGE][PASSED] - Execute JavaScript 'window.open();' successfully

2022-06-16 09:20:02 - [TEST_STEP][PASSED] - currentWindow = getWindowIndex(): Current window's index is: 0

2022-06-16 09:20:02 - [MESSAGE][PASSED] - Current window's index is: 0

2022-06-16 09:20:02 - [TEST_STEP][PASSED] - switchToWindowIndex(currentWindow + 1): Switched to window with index: '1'

2022-06-16 09:20:02 - [MESSAGE][PASSED] - Switched to window with index: '1'

2022-06-16 09:20:02 - [TEST_STEP][PASSED] - navigateToUrl("https://inboxkitten.com/"): Navigate to 'https://inboxkitten.com/' successfully

2022-06-16 09:20:09 - [MESSAGE][PASSED] - Navigate to 'https://inboxkitten.com/' successfully

2022-06-16 09:20:09 - [TEST_STEP][PASSED] - delay(3): Delayed 3 second(s)

2022-06-16 09:20:12 - [MESSAGE][PASSED] - Delayed 3 second(s)

2022-06-16 09:20:12 - [TEST_STEP][PASSED] - setText(findTestObject("Aktivasi Email/MailBox"), email): Text 'mukti16091858' is set on object 'Object Repository/Aktivasi Email/MailBox'

2022-06-16 09:20:12 - [MESSAGE][PASSED] - Text 'mukti16091858' is set on object 'Object Repository/Aktivasi Email/MailBox'

2022-06-16 09:20:12 - [TEST_STEP][PASSED] - click(findTestObject("Aktivasi Email/Btn Periksa Email")): Object: 'Object Repository/Aktivasi Email/Btn Periksa Email' is clicked on

2022-06-16 09:20:12 - [MESSAGE][PASSED] - Object: 'Object Repository/Aktivasi Email/Btn Periksa Email' is clicked on

2022-06-16 09:20:12 - [TEST_STEP][PASSED] - delay(5): Delayed 5 second(s)

2022-06-16 09:20:17 - [MESSAGE][PASSED] - Delayed 5 second(s)

2022-06-16 09:20:17 - [TEST_STEP][PASSED] - click(findTestObject("Aktivasi Email/Open Message")): Object: 'Object Repository/Aktivasi Email/Open Message' is clicked on

2022-06-16 09:20:17 - [MESSAGE][PASSED] - Object: 'Object Repository/Aktivasi Email/Open Message' is clicked on

2022-06-16 09:20:17 - [TEST_STEP][PASSED] - delay(1): Delayed 1 second(s)

2022-06-16 09:20:18 - [MESSAGE][PASSED] - Delayed 1 second(s)

2022-06-16 09:20:18 - [TEST_STEP][PASSED] - switchToFrame(findTestObject("Aktivasi Email/Frame"), 1): null

2022-06-16 09:20:21 - [TEST_STEP][PASSED] - click(findTestObject("Aktivasi Email/Scroll Email")): Object: 'Object Repository/Aktivasi Email/Scroll Email' is clicked on

2022-06-16 09:20:21 - [MESSAGE][PASSED] - Object: 'Object Repository/Aktivasi Email/Scroll Email' is clicked on

2022-06-16 09:20:21 - [TEST_STEP][PASSED] - sendKeys(findTestObject(null), Keys.chord(ALT, DOWN)): Keys 'ALT + DOWN + ' sent to object: 'tempBody'

2022-06-16 09:20:21 - [MESSAGE][WARNING] - Test object id is null

2022-06-16 09:20:21 - [MESSAGE][WARNING] - Test object with id 'Object Repository/' does not exist

2022-06-16 09:20:22 - [MESSAGE][PASSED] - Keys 'ALT + DOWN + ' sent to object: 'tempBody'

2022-06-16 09:20:22 - [TEST_STEP][PASSED] - sendKeys(findTestObject(null), Keys.chord(ALT, DOWN)): Keys 'ALT + DOWN + ' sent to object: 'tempBody'

2022-06-16 09:20:22 - [MESSAGE][WARNING] - Test object id is null

2022-06-16 09:20:22 - [MESSAGE][WARNING] - Test object with id 'Object Repository/' does not exist

2022-06-16 09:20:22 - [MESSAGE][PASSED] - Keys 'ALT + DOWN + ' sent to object: 'tempBody'

2022-06-16 09:20:22 - [TEST_STEP][PASSED] - sendKeys(findTestObject(null), Keys.chord(ALT, DOWN)): Keys 'ALT + DOWN + ' sent to object: 'tempBody'

2022-06-16 09:20:22 - [MESSAGE][WARNING] - Test object id is null

2022-06-16 09:20:22 - [MESSAGE][WARNING] - Test object with id 'Object Repository/' does not exist

2022-06-16 09:20:22 - [MESSAGE][PASSED] - Keys 'ALT + DOWN + ' sent to object: 'tempBody'

2022-06-16 09:20:22 - [TEST_STEP][PASSED] - delay(3): Delayed 3 second(s)

2022-06-16 09:20:25 - [MESSAGE][PASSED] - Delayed 3 second(s)

2022-06-16 09:20:25 - [TEST_STEP][PASSED] - click(findTestObject("Aktivasi Email/Klik Aktivasi")): Object: 'Object Repository/Aktivasi Email/Klik Aktivasi' is clicked on

2022-06-16 09:20:25 - [MESSAGE][PASSED] - Object: 'Object Repository/Aktivasi Email/Klik Aktivasi' is clicked on

2022-06-16 09:20:25 - [TEST_STEP][PASSED] - delay(2): Delayed 2 second(s)

2022-06-16 09:20:27 - [MESSAGE][PASSED] - Delayed 2 second(s)

2022-06-16 09:20:27 - [TEST_STEP][PASSED] - switchToWindowIndex(2): Switched to window with index: '2'

2022-06-16 09:20:27 - [MESSAGE][PASSED] - Switched to window with index: '2'

2022-06-16 09:20:27 - [TEST_STEP][PASSED] - click(findTestObject("Aktivasi Email/masuk ke akun saya")): Object: 'Object Repository/Aktivasi Email/masuk ke akun saya' is clicked on

2022-06-16 09:20:29 - [MESSAGE][PASSED] - Object: 'Object Repository/Aktivasi Email/masuk ke akun saya' is clicked on]]></system-out>
         <system-err><![CDATA[]]></system-err>
      </testcase>
      <testcase name="Test Cases/Login" time="21.675" classname="Test Cases/Login" status="PASSED">
         <system-out><![CDATA[2022-06-16 09:20:29 - [TEST_CASE][PASSED] - Test Cases/Login: Test Cases/Login

2022-06-16 09:20:29 - [TEST_STEP][PASSED] - verifyElementText(findTestObject("Login/Dashboard"), "Login untuk masuk ke akun Kamu."): Actual text and expected text of test object 'Object Repository/Login/Dashboard' are matched.

2022-06-16 09:20:29 - [MESSAGE][PASSED] - Actual text and expected text of test object 'Object Repository/Login/Dashboard' are matched.

2022-06-16 09:20:29 - [TEST_STEP][PASSED] - setText(findTestObject("Login/Email"), email + "@inboxkitten.com"): Text 'mukti16091858@inboxkitten.com' is set on object 'Object Repository/Login/Email'

2022-06-16 09:20:29 - [MESSAGE][PASSED] - Text 'mukti16091858@inboxkitten.com' is set on object 'Object Repository/Login/Email'

2022-06-16 09:20:29 - [TEST_STEP][PASSED] - setEncryptedText(findTestObject("Login/Password"), "nM+yxytsbVExwYpLLLYeHg=="): Text ****** has been set on object 'Object Repository/Login/Password'

2022-06-16 09:20:30 - [MESSAGE][PASSED] - Text ****** has been set on object 'Object Repository/Login/Password'

2022-06-16 09:20:30 - [TEST_STEP][PASSED] - delay(3): Delayed 3 second(s)

2022-06-16 09:20:33 - [MESSAGE][PASSED] - Delayed 3 second(s)

2022-06-16 09:20:33 - [TEST_STEP][PASSED] - click(findTestObject("Login/LoginBtn")): Object: 'Object Repository/Login/LoginBtn' is clicked on

2022-06-16 09:20:33 - [MESSAGE][PASSED] - Object: 'Object Repository/Login/LoginBtn' is clicked on

2022-06-16 09:20:33 - [TEST_STEP][PASSED] - delay(15): Delayed 15 second(s)

2022-06-16 09:20:48 - [MESSAGE][PASSED] - Delayed 15 second(s)

2022-06-16 09:20:48 - [TEST_STEP][PASSED] - verifyElementText(findTestObject("Login/Verify login Successfully"), "Lengkapi Profilmu Untuk Aktivasi Akun dan RDF (Rekening Dana Funder)"): Actual text and expected text of test object 'Object Repository/Login/Verify login Successfully' are matched.

2022-06-16 09:20:48 - [MESSAGE][PASSED] - Actual text and expected text of test object 'Object Repository/Login/Verify login Successfully' are matched.

2022-06-16 09:20:48 - [TEST_STEP][PASSED] - delay(2): Delayed 2 second(s)

2022-06-16 09:20:50 - [MESSAGE][PASSED] - Delayed 2 second(s)

2022-06-16 09:20:50 - [TEST_STEP][PASSED] - closeBrowser(): Browser is closed

2022-06-16 09:20:50 - [MESSAGE][PASSED] - Browser is closed]]></system-out>
         <system-err><![CDATA[]]></system-err>
      </testcase>
      <system-out><![CDATA[2022-06-16 09:18:57 - [TEST_SUITE][PASSED] - Register dan Login Pemberi Dana: Test Cases/Login]]></system-out>
      <system-err><![CDATA[]]></system-err>
   </testsuite>
</testsuites>
